2019-05-02 12:28:51 [scrapy.utils.log] INFO: Scrapy 1.6.0 started (bot: fearless)
2019-05-02 12:28:51 [scrapy.utils.log] INFO: Versions: lxml 4.3.2.0, libxml2 2.9.9, cssselect 1.0.3, parsel 1.5.1, w3lib 1.20.0, Twisted 18.9.0, Python 3.6.5 (default, Mar 24 2019, 18:01:49) - [GCC 4.2.1 Compatible Apple LLVM 10.0.0 (clang-1000.10.44.4)], pyOpenSSL 19.0.0 (OpenSSL 1.1.1b  26 Feb 2019), cryptography 2.6.1, Platform Darwin-18.5.0-x86_64-i386-64bit
2019-05-02 12:28:51 [scrapy.crawler] INFO: Overridden settings: {'AUTOTHROTTLE_ENABLED': True, 'BOT_NAME': 'fearless', 'LOG_FILE': 'logs/fearless/fearless/5e54feae6cf711e9bb778c8590b53f96.log', 'NEWSPIDER_MODULE': 'fearless.spiders', 'ROBOTSTXT_OBEY': True, 'SPIDER_MODULES': ['fearless.spiders']}
2019-05-02 12:28:51 [scrapy.extensions.telnet] INFO: Telnet Password: 4274cf74598dc74b
2019-05-02 12:28:51 [scrapy.middleware] INFO: Enabled extensions:
['scrapy.extensions.corestats.CoreStats',
 'scrapy.extensions.telnet.TelnetConsole',
 'scrapy.extensions.memusage.MemoryUsage',
 'scrapy.extensions.logstats.LogStats',
 'scrapy.extensions.throttle.AutoThrottle']
2019-05-02 12:28:51 [scrapy.middleware] INFO: Enabled downloader middlewares:
['scrapy.downloadermiddlewares.robotstxt.RobotsTxtMiddleware',
 'scrapy.downloadermiddlewares.httpauth.HttpAuthMiddleware',
 'scrapy.downloadermiddlewares.downloadtimeout.DownloadTimeoutMiddleware',
 'scrapy.downloadermiddlewares.defaultheaders.DefaultHeadersMiddleware',
 'scrapy.downloadermiddlewares.useragent.UserAgentMiddleware',
 'scrapy.downloadermiddlewares.retry.RetryMiddleware',
 'scrapy.downloadermiddlewares.redirect.MetaRefreshMiddleware',
 'scrapy.downloadermiddlewares.httpcompression.HttpCompressionMiddleware',
 'scrapy.downloadermiddlewares.redirect.RedirectMiddleware',
 'scrapy.downloadermiddlewares.cookies.CookiesMiddleware',
 'scrapy.downloadermiddlewares.httpproxy.HttpProxyMiddleware',
 'scrapy.downloadermiddlewares.stats.DownloaderStats']
2019-05-02 12:28:51 [scrapy.middleware] INFO: Enabled spider middlewares:
['scrapy.spidermiddlewares.httperror.HttpErrorMiddleware',
 'scrapy.spidermiddlewares.offsite.OffsiteMiddleware',
 'scrapy.spidermiddlewares.referer.RefererMiddleware',
 'scrapy.spidermiddlewares.urllength.UrlLengthMiddleware',
 'scrapy.spidermiddlewares.depth.DepthMiddleware']
2019-05-02 12:28:51 [scrapy.middleware] INFO: Enabled item pipelines:
['fearless.pipelines.FearlessPipeline']
2019-05-02 12:28:51 [scrapy.core.engine] INFO: Spider opened
2019-05-02 12:28:51 [scrapy.extensions.logstats] INFO: Crawled 0 pages (at 0 pages/min), scraped 0 items (at 0 items/min)
2019-05-02 12:28:51 [scrapy.extensions.telnet] INFO: Telnet console listening on 127.0.0.1:6023
2019-05-02 12:28:52 [scrapy.core.engine] DEBUG: Crawled (200) <GET https://www.fearlessphotographers.com/robots.txt> (referer: None)
2019-05-02 12:28:56 [scrapy.core.engine] DEBUG: Crawled (200) <GET https://www.fearlessphotographers.com/find-wedding-photographers.cfm> (referer: None)
2019-05-02 12:28:56 [scrapy.core.scraper] DEBUG: Scraped from <200 https://www.fearlessphotographers.com/find-wedding-photographers.cfm>
{'Available': '10',
 'City': 'Hamburg ',
 'Country': 'Germany',
 'Date': 'October 5, 2019',
 'ID': '8592',
 'Name': 'Kimmy',
 'RequestLink': 'https://www.fearlessphotographers.com/find-wedding-photographers.cfm?requestID=8592',
 'Type': 'Wedding'}
2019-05-02 12:28:56 [scrapy.core.scraper] DEBUG: Scraped from <200 https://www.fearlessphotographers.com/find-wedding-photographers.cfm>
{'Available': '4',
 'City': 'London ',
 'Country': 'UK',
 'Date': 'July 17, 2019',
 'ID': '8591',
 'Name': 'Jordan',
 'RequestLink': 'https://www.fearlessphotographers.com/find-wedding-photographers.cfm?requestID=8591',
 'Type': 'Wedding'}
2019-05-02 12:28:56 [scrapy.core.scraper] DEBUG: Scraped from <200 https://www.fearlessphotographers.com/find-wedding-photographers.cfm>
{'Available': '24',
 'City': 'Israel',
 'Country': 'Israel',
 'Date': 'July 4, 2019',
 'ID': '8590',
 'Name': 'Adi',
 'RequestLink': 'https://www.fearlessphotographers.com/find-wedding-photographers.cfm?requestID=8590',
 'Type': 'Wedding'}
2019-05-02 12:28:56 [scrapy.core.scraper] DEBUG: Scraped from <200 https://www.fearlessphotographers.com/find-wedding-photographers.cfm>
{'Available': '37',
 'City': 'New York, NY ',
 'Country': 'USA',
 'Date': 'September 11, 2019',
 'ID': '8589',
 'Name': 'Ammy',
 'RequestLink': 'https://www.fearlessphotographers.com/find-wedding-photographers.cfm?requestID=8589',
 'Type': 'Wedding'}
2019-05-02 12:28:56 [scrapy.core.scraper] DEBUG: Scraped from <200 https://www.fearlessphotographers.com/find-wedding-photographers.cfm>
{'Available': '44',
 'City': 'Athens ',
 'Country': 'Greece',
 'Date': 'May 14, 2019',
 'ID': '8586',
 'Name': 'Gozdem',
 'RequestLink': 'https://www.fearlessphotographers.com/find-wedding-photographers.cfm?requestID=8586',
 'Type': 'Wedding'}
2019-05-02 12:28:56 [scrapy.core.scraper] DEBUG: Scraped from <200 https://www.fearlessphotographers.com/find-wedding-photographers.cfm>
{'Available': '43',
 'City': 'Lima ',
 'Country': 'Peru',
 'Date': 'October 31, 2019',
 'ID': '8584',
 'Name': 'Javier',
 'RequestLink': 'https://www.fearlessphotographers.com/find-wedding-photographers.cfm?requestID=8584',
 'Type': 'Wedding'}
2019-05-02 12:28:56 [scrapy.core.scraper] DEBUG: Scraped from <200 https://www.fearlessphotographers.com/find-wedding-photographers.cfm>
{'Available': '29',
 'City': 'Detroit, MI ',
 'Country': 'USA',
 'Date': 'August 24, 2019',
 'ID': '8583',
 'Name': 'Megan',
 'RequestLink': 'https://www.fearlessphotographers.com/find-wedding-photographers.cfm?requestID=8583',
 'Type': 'Wedding'}
2019-05-02 12:28:56 [scrapy.core.scraper] DEBUG: Scraped from <200 https://www.fearlessphotographers.com/find-wedding-photographers.cfm>
{'City': 'Boom ',
 'Country': 'Belgium',
 'Date': 'July 28, 2019',
 'ID': '8582',
 'Name': 'Ubolwan',
 'RequestLink': 'https://www.fearlessphotographers.com/find-wedding-photographers.cfm?requestID=8582',
 'Type': '45'}
2019-05-02 12:28:56 [scrapy.core.scraper] DEBUG: Scraped from <200 https://www.fearlessphotographers.com/find-wedding-photographers.cfm>
{'Available': '60',
 'City': 'Joshua Tree, CA ',
 'Country': 'USA',
 'Date': 'November 3, 2019',
 'ID': '8581',
 'Name': 'Megan',
 'RequestLink': 'https://www.fearlessphotographers.com/find-wedding-photographers.cfm?requestID=8581',
 'Type': 'Wedding'}
2019-05-02 12:28:56 [scrapy.core.scraper] DEBUG: Scraped from <200 https://www.fearlessphotographers.com/find-wedding-photographers.cfm>
{'Available': '46',
 'City': 'Long Island City, NY ',
 'Country': 'USA',
 'Date': 'July 27, 2019',
 'ID': '8580',
 'Name': 'Vie',
 'RequestLink': 'https://www.fearlessphotographers.com/find-wedding-photographers.cfm?requestID=8580',
 'Type': 'Wedding'}
2019-05-02 12:28:56 [scrapy.core.scraper] DEBUG: Scraped from <200 https://www.fearlessphotographers.com/find-wedding-photographers.cfm>
{'Available': '40',
 'City': 'Basalt, CO ',
 'Country': 'USA',
 'Date': 'June 22, 2019',
 'ID': '8578',
 'Name': 'Brenna',
 'RequestLink': 'https://www.fearlessphotographers.com/find-wedding-photographers.cfm?requestID=8578',
 'Type': 'Wedding'}
2019-05-02 12:28:56 [scrapy.core.scraper] DEBUG: Scraped from <200 https://www.fearlessphotographers.com/find-wedding-photographers.cfm>
{'Available': '39',
 'City': 'Montreal, QC ',
 'Country': 'Canada',
 'Date': 'May 11, 2019',
 'ID': '8577',
 'Name': 'Shalini',
 'RequestLink': 'https://www.fearlessphotographers.com/find-wedding-photographers.cfm?requestID=8577',
 'Type': 'Wedding'}
2019-05-02 12:28:56 [scrapy.core.scraper] DEBUG: Scraped from <200 https://www.fearlessphotographers.com/find-wedding-photographers.cfm>
{'Available': '42',
 'City': 'Montreal, QC ',
 'Country': 'Canada',
 'Date': 'July 20, 2019',
 'ID': '8576',
 'Name': 'Lori',
 'RequestLink': 'https://www.fearlessphotographers.com/find-wedding-photographers.cfm?requestID=8576',
 'Type': 'Wedding'}
2019-05-02 12:28:56 [scrapy.core.scraper] DEBUG: Scraped from <200 https://www.fearlessphotographers.com/find-wedding-photographers.cfm>
{'Available': '42',
 'City': 'Cluj',
 'Country': 'Romania',
 'Date': 'May 12, 2019',
 'ID': '8574',
 'Name': 'Mihaela',
 'RequestLink': 'https://www.fearlessphotographers.com/find-wedding-photographers.cfm?requestID=8574',
 'Type': 'Wedding'}
2019-05-02 12:28:56 [scrapy.core.scraper] DEBUG: Scraped from <200 https://www.fearlessphotographers.com/find-wedding-photographers.cfm>
{'Available': '87',
 'City': 'Amsterdam ',
 'Country': 'Netherlands',
 'Date': 'July 13, 2019',
 'ID': '8571',
 'Name': 'Erica',
 'RequestLink': 'https://www.fearlessphotographers.com/find-wedding-photographers.cfm?requestID=8571',
 'Type': 'Wedding'}
2019-05-02 12:28:56 [scrapy.core.scraper] DEBUG: Scraped from <200 https://www.fearlessphotographers.com/find-wedding-photographers.cfm>
{'Available': '69',
 'City': 'Surat ',
 'Country': 'India',
 'Date': 'April 13, 2020',
 'ID': '8570',
 'Name': 'Nikhil',
 'RequestLink': 'https://www.fearlessphotographers.com/find-wedding-photographers.cfm?requestID=8570',
 'Type': 'Wedding'}
2019-05-02 12:28:56 [scrapy.core.scraper] DEBUG: Scraped from <200 https://www.fearlessphotographers.com/find-wedding-photographers.cfm>
{'Available': '75',
 'City': 'New York, NY ',
 'Country': 'USA',
 'Date': 'November 9, 2019',
 'ID': '8569',
 'Name': 'Amber',
 'RequestLink': 'https://www.fearlessphotographers.com/find-wedding-photographers.cfm?requestID=8569',
 'Type': 'Wedding'}
2019-05-02 12:28:56 [scrapy.core.scraper] DEBUG: Scraped from <200 https://www.fearlessphotographers.com/find-wedding-photographers.cfm>
{'Available': '80',
 'City': 'Agia Marina',
 'Country': 'Greece',
 'Date': 'September 21, 2019',
 'ID': '8568',
 'Name': 'Eleftheria',
 'RequestLink': 'https://www.fearlessphotographers.com/find-wedding-photographers.cfm?requestID=8568',
 'Type': 'Wedding'}
2019-05-02 12:28:56 [scrapy.core.scraper] DEBUG: Scraped from <200 https://www.fearlessphotographers.com/find-wedding-photographers.cfm>
{'Available': '44',
 'City': 'Edmonton, AB ',
 'Country': 'Canada',
 'Date': 'August 10, 2019',
 'ID': '8567',
 'Name': 'Sisi',
 'RequestLink': 'https://www.fearlessphotographers.com/find-wedding-photographers.cfm?requestID=8567',
 'Type': 'Wedding'}
2019-05-02 12:28:56 [scrapy.core.scraper] DEBUG: Scraped from <200 https://www.fearlessphotographers.com/find-wedding-photographers.cfm>
{'Available': '86',
 'City': 'Taormina ',
 'Country': 'Italy',
 'Date': 'June 7, 2019',
 'ID': '8566',
 'Name': 'Ayat',
 'RequestLink': 'https://www.fearlessphotographers.com/find-wedding-photographers.cfm?requestID=8566',
 'Type': 'Wedding'}
2019-05-02 12:28:56 [scrapy.core.scraper] DEBUG: Scraped from <200 https://www.fearlessphotographers.com/find-wedding-photographers.cfm>
{'Available': '57',
 'City': 'San Francisco, CA ',
 'Country': 'USA',
 'Date': 'June 23, 2019',
 'ID': '8564',
 'Name': 'Truman',
 'RequestLink': 'https://www.fearlessphotographers.com/find-wedding-photographers.cfm?requestID=8564',
 'Type': 'Wedding'}
2019-05-02 12:28:56 [scrapy.core.scraper] DEBUG: Scraped from <200 https://www.fearlessphotographers.com/find-wedding-photographers.cfm>
{'Available': '78',
 'City': 'Bucharest ',
 'Country': 'Romania',
 'Date': 'September 15, 2019',
 'ID': '8563',
 'Name': 'Cristina',
 'RequestLink': 'https://www.fearlessphotographers.com/find-wedding-photographers.cfm?requestID=8563',
 'Type': 'Wedding'}
2019-05-02 12:28:56 [scrapy.core.scraper] WARNING: Dropped: Item dropped to avoid duplicate insert
{'Available': '49',
 'City': 'Fremont, CA ',
 'Country': 'USA',
 'Date': 'May 11, 2019',
 'ID': '8562',
 'Name': 'Anjali',
 'RequestLink': 'https://www.fearlessphotographers.com/find-wedding-photographers.cfm?requestID=8562',
 'Type': 'Wedding'}
2019-05-02 12:28:56 [scrapy.core.scraper] WARNING: Dropped: Item dropped to avoid duplicate insert
{'Available': '38',
 'City': 'Austin, TX ',
 'Country': 'USA',
 'Date': 'June 8, 2019',
 'ID': '8561',
 'Name': 'Sajid',
 'RequestLink': 'https://www.fearlessphotographers.com/find-wedding-photographers.cfm?requestID=8561',
 'Type': 'Wedding'}
2019-05-02 12:28:56 [scrapy.core.scraper] WARNING: Dropped: Item dropped to avoid duplicate insert
{'Available': '83',
 'City': 'Hoboken, NJ ',
 'Country': 'USA',
 'Date': 'December 22, 2019',
 'ID': '8558',
 'Name': 'Chathu',
 'RequestLink': 'https://www.fearlessphotographers.com/find-wedding-photographers.cfm?requestID=8558',
 'Type': 'Wedding'}
2019-05-02 12:28:56 [scrapy.core.scraper] WARNING: Dropped: Item dropped to avoid duplicate insert
{'Available': '79',
 'City': 'Bucharest ',
 'Country': 'Romania',
 'Date': 'June 28, 2019',
 'ID': '8557',
 'Name': 'Ioana',
 'RequestLink': 'https://www.fearlessphotographers.com/find-wedding-photographers.cfm?requestID=8557',
 'Type': 'Wedding'}
2019-05-02 12:28:56 [scrapy.core.scraper] DEBUG: Scraped from <200 https://www.fearlessphotographers.com/find-wedding-photographers.cfm>
{'Available': '52',
 'City': 'Dubrovnik ',
 'Country': 'Croatia',
 'Date': 'June 15, 2019',
 'ID': '8555',
 'Name': 'Sandra Bauer',
 'RequestLink': 'https://www.fearlessphotographers.com/find-wedding-photographers.cfm?requestID=8555',
 'Type': 'Wedding'}
2019-05-02 12:28:56 [scrapy.core.scraper] DEBUG: Scraped from <200 https://www.fearlessphotographers.com/find-wedding-photographers.cfm>
{'Available': '69',
 'City': 'Phu Quoc ',
 'Country': 'Vietnam',
 'Date': 'December 5, 2019',
 'ID': '8554',
 'Name': 'Thai',
 'RequestLink': 'https://www.fearlessphotographers.com/find-wedding-photographers.cfm?requestID=8554',
 'Type': 'Wedding'}
2019-05-02 12:28:56 [scrapy.core.scraper] DEBUG: Scraped from <200 https://www.fearlessphotographers.com/find-wedding-photographers.cfm>
{'Available': '77',
 'City': 'Goa ',
 'Country': 'India',
 'Date': 'May 4, 2019',
 'ID': '8552',
 'Name': 'Nischint',
 'RequestLink': 'https://www.fearlessphotographers.com/find-wedding-photographers.cfm?requestID=8552',
 'Type': 'Wedding'}
2019-05-02 12:28:56 [scrapy.core.scraper] DEBUG: Scraped from <200 https://www.fearlessphotographers.com/find-wedding-photographers.cfm>
{'Available': '97',
 'City': 'Punta Cana ',
 'Country': 'Dominican Republic',
 'Date': 'February 20, 2020',
 'ID': '8551',
 'Name': 'Andy',
 'RequestLink': 'https://www.fearlessphotographers.com/find-wedding-photographers.cfm?requestID=8551',
 'Type': 'Wedding'}
2019-05-02 12:28:56 [scrapy.core.scraper] DEBUG: Scraped from <200 https://www.fearlessphotographers.com/find-wedding-photographers.cfm>
{'Available': '88',
 'City': 'Iceland',
 'Country': 'Iceland',
 'Date': 'October 11, 2019',
 'ID': '8550',
 'Name': 'Tiffany',
 'RequestLink': 'https://www.fearlessphotographers.com/find-wedding-photographers.cfm?requestID=8550',
 'Type': 'Wedding'}
2019-05-02 12:28:56 [scrapy.core.scraper] DEBUG: Scraped from <200 https://www.fearlessphotographers.com/find-wedding-photographers.cfm>
{'Available': '61',
 'City': 'Richmond Hill, ON ',
 'Country': 'Canada',
 'Date': 'July 27, 2019',
 'ID': '8548',
 'Name': 'Tiffany',
 'RequestLink': 'https://www.fearlessphotographers.com/find-wedding-photographers.cfm?requestID=8548',
 'Type': 'Wedding'}
2019-05-02 12:28:56 [scrapy.core.scraper] DEBUG: Scraped from <200 https://www.fearlessphotographers.com/find-wedding-photographers.cfm>
{'Available': '130',
 'City': 'Amersfoort ',
 'Country': 'Netherlands',
 'Date': 'October 18, 2019',
 'ID': '8547',
 'Name': 'Rosanne',
 'RequestLink': 'https://www.fearlessphotographers.com/find-wedding-photographers.cfm?requestID=8547',
 'Type': 'Wedding'}
2019-05-02 12:28:56 [scrapy.core.scraper] DEBUG: Scraped from <200 https://www.fearlessphotographers.com/find-wedding-photographers.cfm>
{'Available': '77',
 'City': 'Thailand',
 'Country': 'Thailand',
 'Date': 'February 1, 2020',
 'ID': '8546',
 'Name': 'Sabina',
 'RequestLink': 'https://www.fearlessphotographers.com/find-wedding-photographers.cfm?requestID=8546',
 'Type': 'Wedding'}
2019-05-02 12:28:56 [scrapy.core.scraper] DEBUG: Scraped from <200 https://www.fearlessphotographers.com/find-wedding-photographers.cfm>
{'Available': '50',
 'City': 'Capetown ',
 'Country': 'South Africa',
 'Date': 'May 16, 2019',
 'ID': '8545',
 'Name': 'Kathrin',
 'RequestLink': 'https://www.fearlessphotographers.com/find-wedding-photographers.cfm?requestID=8545',
 'Type': 'Wedding'}
2019-05-02 12:28:56 [scrapy.core.scraper] DEBUG: Scraped from <200 https://www.fearlessphotographers.com/find-wedding-photographers.cfm>
{'Available': '42',
 'City': 'Bad Axe, MI ',
 'Country': 'USA',
 'Date': 'September 21, 2019',
 'ID': '8544',
 'Name': 'Janelle',
 'RequestLink': 'https://www.fearlessphotographers.com/find-wedding-photographers.cfm?requestID=8544',
 'Type': 'Wedding'}
2019-05-02 12:28:56 [scrapy.core.scraper] DEBUG: Scraped from <200 https://www.fearlessphotographers.com/find-wedding-photographers.cfm>
{'Available': '63',
 'City': 'Bar Harbor, ME ',
 'Country': 'USA',
 'Date': 'June 27, 2019',
 'ID': '8543',
 'Name': 'Jackson',
 'RequestLink': 'https://www.fearlessphotographers.com/find-wedding-photographers.cfm?requestID=8543',
 'Type': 'Wedding'}
2019-05-02 12:28:56 [scrapy.core.scraper] DEBUG: Scraped from <200 https://www.fearlessphotographers.com/find-wedding-photographers.cfm>
{'Available': '85',
 'City': 'Bucharest ',
 'Country': 'Romania',
 'Date': 'July 13, 2019',
 'ID': '8541',
 'Name': 'Lucia',
 'RequestLink': 'https://www.fearlessphotographers.com/find-wedding-photographers.cfm?requestID=8541',
 'Type': 'Wedding'}
2019-05-02 12:28:56 [scrapy.core.scraper] DEBUG: Scraped from <200 https://www.fearlessphotographers.com/find-wedding-photographers.cfm>
{'Available': '65',
 'City': 'Cana ',
 'Country': 'Israel',
 'Date': 'December 28, 2019',
 'ID': '8538',
 'Name': 'Chris',
 'RequestLink': 'https://www.fearlessphotographers.com/find-wedding-photographers.cfm?requestID=8538',
 'Type': 'Wedding'}
2019-05-02 12:28:56 [scrapy.core.scraper] WARNING: Dropped: Item dropped to avoid duplicate insert
{'Available': '85',
 'City': 'Mauritius',
 'Country': 'Mauritius',
 'Date': 'November 7, 2019',
 'ID': '8537',
 'Name': 'Elena',
 'RequestLink': 'https://www.fearlessphotographers.com/find-wedding-photographers.cfm?requestID=8537',
 'Type': 'Wedding'}
2019-05-02 12:28:56 [scrapy.core.scraper] DEBUG: Scraped from <200 https://www.fearlessphotographers.com/find-wedding-photographers.cfm>
{'Available': '51',
 'City': 'Wauwatosa, WI ',
 'Country': 'USA',
 'Date': 'May 4, 2019',
 'ID': '8536',
 'Name': 'Sarah',
 'RequestLink': 'https://www.fearlessphotographers.com/find-wedding-photographers.cfm?requestID=8536',
 'Type': 'Wedding'}
2019-05-02 12:28:56 [scrapy.core.scraper] DEBUG: Scraped from <200 https://www.fearlessphotographers.com/find-wedding-photographers.cfm>
{'Available': '68',
 'City': 'Graaff',
 'Country': 'South Africa',
 'Date': 'October 5, 2019',
 'ID': '8535',
 'Name': 'Denise',
 'RequestLink': 'https://www.fearlessphotographers.com/find-wedding-photographers.cfm?requestID=8535',
 'Type': 'Wedding'}
2019-05-02 12:28:56 [scrapy.core.scraper] DEBUG: Scraped from <200 https://www.fearlessphotographers.com/find-wedding-photographers.cfm>
{'Available': '60',
 'City': 'West Orange, NJ ',
 'Country': 'USA',
 'Date': 'July 7, 2019',
 'ID': '8534',
 'Name': 'Imma',
 'RequestLink': 'https://www.fearlessphotographers.com/find-wedding-photographers.cfm?requestID=8534',
 'Type': 'Wedding'}
2019-05-02 12:28:56 [scrapy.core.scraper] DEBUG: Scraped from <200 https://www.fearlessphotographers.com/find-wedding-photographers.cfm>
{'Available': '108',
 'City': 'Rennepont ',
 'Country': 'France',
 'Date': 'July 27, 2019',
 'ID': '8533',
 'Name': 'Jan',
 'RequestLink': 'https://www.fearlessphotographers.com/find-wedding-photographers.cfm?requestID=8533',
 'Type': 'Wedding'}
2019-05-02 12:28:56 [scrapy.core.scraper] DEBUG: Scraped from <200 https://www.fearlessphotographers.com/find-wedding-photographers.cfm>
{'Available': '63',
 'City': 'Princeton, NJ ',
 'Country': 'USA',
 'Date': 'November 9, 2019',
 'ID': '8532',
 'Name': 'Val',
 'RequestLink': 'https://www.fearlessphotographers.com/find-wedding-photographers.cfm?requestID=8532',
 'Type': 'Wedding'}
2019-05-02 12:28:56 [scrapy.core.scraper] DEBUG: Scraped from <200 https://www.fearlessphotographers.com/find-wedding-photographers.cfm>
{'Available': '95',
 'City': 'Bucharest ',
 'Country': 'Romania',
 'Date': 'August 24, 2019',
 'ID': '8531',
 'Name': 'Madalina',
 'RequestLink': 'https://www.fearlessphotographers.com/find-wedding-photographers.cfm?requestID=8531',
 'Type': 'Wedding'}
2019-05-02 12:28:56 [scrapy.core.scraper] DEBUG: Scraped from <200 https://www.fearlessphotographers.com/find-wedding-photographers.cfm>
{'Available': '88',
 'City': 'Norway',
 'Country': 'Norway',
 'Date': 'July 20, 2019',
 'ID': '8527',
 'Name': 'Evelyn',
 'RequestLink': 'https://www.fearlessphotographers.com/find-wedding-photographers.cfm?requestID=8527',
 'Type': 'Wedding'}
2019-05-02 12:28:56 [scrapy.core.scraper] DEBUG: Scraped from <200 https://www.fearlessphotographers.com/find-wedding-photographers.cfm>
{'Available': '87',
 'City': 'New Haven, CT ',
 'Country': 'USA',
 'Date': 'August 31, 2019',
 'ID': '8525',
 'Name': 'Christy',
 'RequestLink': 'https://www.fearlessphotographers.com/find-wedding-photographers.cfm?requestID=8525',
 'Type': 'Wedding'}
2019-05-02 12:28:56 [scrapy.core.scraper] DEBUG: Scraped from <200 https://www.fearlessphotographers.com/find-wedding-photographers.cfm>
{'Available': '172',
 'City': 'Rome ',
 'Country': 'Italy',
 'Date': 'September 15, 2019',
 'ID': '8524',
 'Name': 'Nir',
 'RequestLink': 'https://www.fearlessphotographers.com/find-wedding-photographers.cfm?requestID=8524',
 'Type': 'Wedding'}
2019-05-02 12:28:56 [scrapy.core.scraper] DEBUG: Scraped from <200 https://www.fearlessphotographers.com/find-wedding-photographers.cfm>
{'Available': '76',
 'City': 'East Brunswick, NJ ',
 'Country': 'USA',
 'Date': 'June 22, 2019',
 'ID': '8523',
 'Name': 'Kenny',
 'RequestLink': 'https://www.fearlessphotographers.com/find-wedding-photographers.cfm?requestID=8523',
 'Type': 'Wedding'}
2019-05-02 12:28:56 [scrapy.core.scraper] DEBUG: Scraped from <200 https://www.fearlessphotographers.com/find-wedding-photographers.cfm>
{'Available': '102',
 'City': 'Dublin ',
 'Country': 'Ireland',
 'Date': 'August 16, 2019',
 'ID': '8522',
 'Name': 'Lisa',
 'RequestLink': 'https://www.fearlessphotographers.com/find-wedding-photographers.cfm?requestID=8522',
 'Type': 'Wedding'}
2019-05-02 12:28:56 [scrapy.core.scraper] DEBUG: Scraped from <200 https://www.fearlessphotographers.com/find-wedding-photographers.cfm>
{'Available': '119',
 'City': 'Bucharest ',
 'Country': 'Romania',
 'Date': 'October 12, 2019',
 'ID': '8520',
 'Name': 'Madalina',
 'RequestLink': 'https://www.fearlessphotographers.com/find-wedding-photographers.cfm?requestID=8520',
 'Type': 'Wedding'}
2019-05-02 12:28:56 [scrapy.core.scraper] DEBUG: Scraped from <200 https://www.fearlessphotographers.com/find-wedding-photographers.cfm>
{'Available': '82',
 'City': 'Cyprus',
 'Country': 'Cyprus',
 'Date': 'June 9, 2019',
 'ID': '8519',
 'Name': 'Maria',
 'RequestLink': 'https://www.fearlessphotographers.com/find-wedding-photographers.cfm?requestID=8519',
 'Type': 'Wedding'}
2019-05-02 12:28:56 [scrapy.core.scraper] DEBUG: Scraped from <200 https://www.fearlessphotographers.com/find-wedding-photographers.cfm>
{'Available': '74',
 'City': 'Crawford, CO ',
 'Country': 'USA',
 'Date': 'August 10, 2019',
 'ID': '8518',
 'Name': 'Nicole',
 'RequestLink': 'https://www.fearlessphotographers.com/find-wedding-photographers.cfm?requestID=8518',
 'Type': 'Wedding'}
2019-05-02 12:28:56 [scrapy.core.scraper] DEBUG: Scraped from <200 https://www.fearlessphotographers.com/find-wedding-photographers.cfm>
{'Available': '85',
 'City': 'Beijing ',
 'Country': 'China',
 'Date': 'September 28, 2019',
 'ID': '8517',
 'Name': 'Shelley',
 'RequestLink': 'https://www.fearlessphotographers.com/find-wedding-photographers.cfm?requestID=8517',
 'Type': 'Wedding'}
2019-05-02 12:28:56 [scrapy.core.scraper] DEBUG: Scraped from <200 https://www.fearlessphotographers.com/find-wedding-photographers.cfm>
{'Available': '110',
 'City': 'Loutraki ',
 'Country': 'Greece',
 'Date': 'September 21, 2019',
 'ID': '8513',
 'Name': 'Jacek',
 'RequestLink': 'https://www.fearlessphotographers.com/find-wedding-photographers.cfm?requestID=8513',
 'Type': 'Wedding'}
2019-05-02 12:28:56 [scrapy.core.scraper] DEBUG: Scraped from <200 https://www.fearlessphotographers.com/find-wedding-photographers.cfm>
{'Available': '86',
 'City': 'Kliplapa ',
 'Country': 'South Africa',
 'Date': 'October 26, 2019',
 'ID': '8511',
 'Name': 'Zelda',
 'RequestLink': 'https://www.fearlessphotographers.com/find-wedding-photographers.cfm?requestID=8511',
 'Type': 'Wedding'}
2019-05-02 12:28:56 [scrapy.core.scraper] DEBUG: Scraped from <200 https://www.fearlessphotographers.com/find-wedding-photographers.cfm>
{'Available': '101',
 'City': 'Cedar Grove, NJ ',
 'Country': 'USA',
 'Date': 'October 27, 2019',
 'ID': '8510',
 'Name': 'Diana',
 'RequestLink': 'https://www.fearlessphotographers.com/find-wedding-photographers.cfm?requestID=8510',
 'Type': 'Wedding'}
2019-05-02 12:28:56 [scrapy.core.scraper] DEBUG: Scraped from <200 https://www.fearlessphotographers.com/find-wedding-photographers.cfm>
{'Available': '112',
 'City': 'Manchester ',
 'Country': 'UK',
 'Date': 'May 25, 2019',
 'ID': '8508',
 'Name': 'Hannah',
 'RequestLink': 'https://www.fearlessphotographers.com/find-wedding-photographers.cfm?requestID=8508',
 'Type': 'Wedding'}
2019-05-02 12:28:56 [scrapy.core.scraper] DEBUG: Scraped from <200 https://www.fearlessphotographers.com/find-wedding-photographers.cfm>
{'Available': '164',
 'City': 'Zutphen ',
 'Country': 'Netherlands',
 'Date': 'September 21, 2019',
 'ID': '8507',
 'Name': 'Mahalia',
 'RequestLink': 'https://www.fearlessphotographers.com/find-wedding-photographers.cfm?requestID=8507',
 'Type': 'Wedding'}
2019-05-02 12:28:56 [scrapy.core.scraper] DEBUG: Scraped from <200 https://www.fearlessphotographers.com/find-wedding-photographers.cfm>
{'Available': '67',
 'City': 'Vermont ',
 'Country': 'USA',
 'Date': 'June 1, 2019',
 'ID': '8506',
 'Name': 'Tina',
 'RequestLink': 'https://www.fearlessphotographers.com/find-wedding-photographers.cfm?requestID=8506',
 'Type': 'Wedding'}
2019-05-02 12:28:56 [scrapy.core.scraper] DEBUG: Scraped from <200 https://www.fearlessphotographers.com/find-wedding-photographers.cfm>
{'Available': '69',
 'City': 'Washington, DC ',
 'Country': 'USA',
 'Date': 'June 15, 2019',
 'ID': '8505',
 'Name': 'Megan',
 'RequestLink': 'https://www.fearlessphotographers.com/find-wedding-photographers.cfm?requestID=8505',
 'Type': 'Wedding'}
2019-05-02 12:28:56 [scrapy.core.scraper] DEBUG: Scraped from <200 https://www.fearlessphotographers.com/find-wedding-photographers.cfm>
{'Available': '133',
 'City': 'Scotland ',
 'Country': 'UK',
 'Date': 'May 9, 2020',
 'ID': '8504',
 'Name': 'Catherine',
 'RequestLink': 'https://www.fearlessphotographers.com/find-wedding-photographers.cfm?requestID=8504',
 'Type': 'Wedding'}
2019-05-02 12:28:56 [scrapy.core.scraper] DEBUG: Scraped from <200 https://www.fearlessphotographers.com/find-wedding-photographers.cfm>
{'Available': '149',
 'City': 'Edinburgh ',
 'Country': 'UK',
 'Date': 'September 21, 2019',
 'ID': '8503',
 'Name': 'Jaimi',
 'RequestLink': 'https://www.fearlessphotographers.com/find-wedding-photographers.cfm?requestID=8503',
 'Type': 'Wedding'}
2019-05-02 12:28:56 [scrapy.core.scraper] DEBUG: Scraped from <200 https://www.fearlessphotographers.com/find-wedding-photographers.cfm>
{'Available': '72',
 'City': 'Columbia, SC ',
 'Country': 'USA',
 'Date': 'October 12, 2019',
 'ID': '8498',
 'Name': 'Karena',
 'RequestLink': 'https://www.fearlessphotographers.com/find-wedding-photographers.cfm?requestID=8498',
 'Type': 'Wedding'}
2019-05-02 12:28:56 [scrapy.core.scraper] DEBUG: Scraped from <200 https://www.fearlessphotographers.com/find-wedding-photographers.cfm>
{'Available': '81',
 'City': 'Wilderness ',
 'Country': 'South Africa',
 'Date': 'September 22, 2019',
 'ID': '8494',
 'Name': 'Lisa',
 'RequestLink': 'https://www.fearlessphotographers.com/find-wedding-photographers.cfm?requestID=8494',
 'Type': 'Wedding'}
2019-05-02 12:28:56 [scrapy.core.scraper] DEBUG: Scraped from <200 https://www.fearlessphotographers.com/find-wedding-photographers.cfm>
{'Available': '178',
 'City': "l'Isle sur la sorgue ",
 'Country': 'France',
 'Date': 'October 10, 2019',
 'ID': '8492',
 'Name': 'Ryan',
 'RequestLink': 'https://www.fearlessphotographers.com/find-wedding-photographers.cfm?requestID=8492',
 'Type': 'Wedding'}
2019-05-02 12:28:56 [scrapy.core.scraper] DEBUG: Scraped from <200 https://www.fearlessphotographers.com/find-wedding-photographers.cfm>
{'Available': '126',
 'City': 'Athens ',
 'Country': 'Greece',
 'Date': 'May 17, 2019',
 'ID': '8491',
 'Name': 'Rui Jun',
 'RequestLink': 'https://www.fearlessphotographers.com/find-wedding-photographers.cfm?requestID=8491',
 'Type': 'Wedding'}
2019-05-02 12:28:56 [scrapy.core.scraper] DEBUG: Scraped from <200 https://www.fearlessphotographers.com/find-wedding-photographers.cfm>
{'Available': '87',
 'City': 'Bridgeport, WV ',
 'Country': 'USA',
 'Date': 'September 28, 2019',
 'ID': '8490',
 'Name': 'Laura',
 'RequestLink': 'https://www.fearlessphotographers.com/find-wedding-photographers.cfm?requestID=8490',
 'Type': 'Wedding'}
2019-05-02 12:28:56 [scrapy.core.scraper] DEBUG: Scraped from <200 https://www.fearlessphotographers.com/find-wedding-photographers.cfm>
{'Available': '162',
 'City': 'Brakel ',
 'Country': 'Germany',
 'Date': 'September 27, 2019',
 'ID': '8486',
 'Name': 'Bruno',
 'RequestLink': 'https://www.fearlessphotographers.com/find-wedding-photographers.cfm?requestID=8486',
 'Type': 'Wedding'}
2019-05-02 12:28:56 [scrapy.core.scraper] DEBUG: Scraped from <200 https://www.fearlessphotographers.com/find-wedding-photographers.cfm>
{'Available': '139',
 'City': 'Polminhac ',
 'Country': 'France',
 'Date': 'September 7, 2019',
 'ID': '8485',
 'Name': 'Christophe',
 'RequestLink': 'https://www.fearlessphotographers.com/find-wedding-photographers.cfm?requestID=8485',
 'Type': 'Wedding'}
2019-05-02 12:28:56 [scrapy.core.scraper] DEBUG: Scraped from <200 https://www.fearlessphotographers.com/find-wedding-photographers.cfm>
{'Available': '79',
 'City': 'Reynoldsville, PA ',
 'Country': 'USA',
 'Date': 'September 28, 2019',
 'ID': '8484',
 'Name': 'Ashley',
 'RequestLink': 'https://www.fearlessphotographers.com/find-wedding-photographers.cfm?requestID=8484',
 'Type': 'Wedding'}
2019-05-02 12:28:56 [scrapy.core.scraper] DEBUG: Scraped from <200 https://www.fearlessphotographers.com/find-wedding-photographers.cfm>
{'Available': '98',
 'City': 'Philadelphia, PA ',
 'Country': 'USA',
 'Date': 'August 3, 2019',
 'ID': '8483',
 'Name': 'Carly',
 'RequestLink': 'https://www.fearlessphotographers.com/find-wedding-photographers.cfm?requestID=8483',
 'Type': 'Wedding'}
2019-05-02 12:28:56 [scrapy.core.scraper] DEBUG: Scraped from <200 https://www.fearlessphotographers.com/find-wedding-photographers.cfm>
{'Available': '105',
 'City': 'Collingwood, ON ',
 'Country': 'Canada',
 'Date': 'June 20, 2020',
 'ID': '8482',
 'Name': 'Jennifer',
 'RequestLink': 'https://www.fearlessphotographers.com/find-wedding-photographers.cfm?requestID=8482',
 'Type': 'Wedding'}
2019-05-02 12:28:56 [scrapy.core.scraper] DEBUG: Scraped from <200 https://www.fearlessphotographers.com/find-wedding-photographers.cfm>
{'Available': '80',
 'City': 'Weehawken, NJ ',
 'Country': 'USA',
 'Date': 'August 17, 2019',
 'ID': '8481',
 'Name': 'Mike',
 'RequestLink': 'https://www.fearlessphotographers.com/find-wedding-photographers.cfm?requestID=8481',
 'Type': 'Wedding'}
2019-05-02 12:28:56 [scrapy.core.scraper] DEBUG: Scraped from <200 https://www.fearlessphotographers.com/find-wedding-photographers.cfm>
{'Available': '80',
 'City': 'South Bend, IN ',
 'Country': 'USA',
 'Date': 'November 8, 2019',
 'ID': '8480',
 'Name': 'Sarah',
 'RequestLink': 'https://www.fearlessphotographers.com/find-wedding-photographers.cfm?requestID=8480',
 'Type': 'Wedding'}
2019-05-02 12:28:56 [scrapy.core.scraper] DEBUG: Scraped from <200 https://www.fearlessphotographers.com/find-wedding-photographers.cfm>
{'Available': '165',
 'City': 'Eibau ',
 'Country': 'Germany',
 'Date': 'June 13, 2020',
 'ID': '8477',
 'Name': 'Julia',
 'RequestLink': 'https://www.fearlessphotographers.com/find-wedding-photographers.cfm?requestID=8477',
 'Type': 'Wedding'}
2019-05-02 12:28:56 [scrapy.core.scraper] DEBUG: Scraped from <200 https://www.fearlessphotographers.com/find-wedding-photographers.cfm>
{'Available': '80',
 'City': 'Bethlehem, PA ',
 'Country': 'USA',
 'Date': 'October 12, 2019',
 'ID': '8476',
 'Name': 'Brooke',
 'RequestLink': 'https://www.fearlessphotographers.com/find-wedding-photographers.cfm?requestID=8476',
 'Type': 'Wedding'}
2019-05-02 12:28:56 [scrapy.core.scraper] DEBUG: Scraped from <200 https://www.fearlessphotographers.com/find-wedding-photographers.cfm>
{'Available': '91',
 'City': 'Nieu Bethesda Karoo ',
 'Country': 'South Africa',
 'Date': 'October 5, 2019',
 'ID': '8475',
 'Name': 'Marcel',
 'RequestLink': 'https://www.fearlessphotographers.com/find-wedding-photographers.cfm?requestID=8475',
 'Type': 'Wedding'}
2019-05-02 12:28:56 [scrapy.core.scraper] DEBUG: Scraped from <200 https://www.fearlessphotographers.com/find-wedding-photographers.cfm>
{'Available': '109',
 'City': 'New York, NY ',
 'Country': 'USA',
 'Date': 'June 26, 2020',
 'ID': '8474',
 'Name': 'Rich',
 'RequestLink': 'https://www.fearlessphotographers.com/find-wedding-photographers.cfm?requestID=8474',
 'Type': 'Wedding'}
2019-05-02 12:28:56 [scrapy.core.scraper] DEBUG: Scraped from <200 https://www.fearlessphotographers.com/find-wedding-photographers.cfm>
{'Available': '105',
 'City': 'Malibu, CA ',
 'Country': 'USA',
 'Date': 'November 2, 2019',
 'ID': '8473',
 'Name': 'Michael',
 'RequestLink': 'https://www.fearlessphotographers.com/find-wedding-photographers.cfm?requestID=8473',
 'Type': 'Wedding'}
2019-05-02 12:28:56 [scrapy.core.scraper] DEBUG: Scraped from <200 https://www.fearlessphotographers.com/find-wedding-photographers.cfm>
{'Available': '99',
 'City': 'Mauritius',
 'Country': 'Mauritius',
 'Date': 'September 27, 2019',
 'ID': '8471',
 'Name': 'Michelle',
 'RequestLink': 'https://www.fearlessphotographers.com/find-wedding-photographers.cfm?requestID=8471',
 'Type': 'Wedding'}
2019-05-02 12:28:56 [scrapy.core.scraper] DEBUG: Scraped from <200 https://www.fearlessphotographers.com/find-wedding-photographers.cfm>
{'Available': '83',
 'City': 'Harrison Hot Springs, AB ',
 'Country': 'Canada',
 'Date': 'August 25, 2019',
 'ID': '8470',
 'Name': 'Sheina',
 'RequestLink': 'https://www.fearlessphotographers.com/find-wedding-photographers.cfm?requestID=8470',
 'Type': 'Wedding'}
2019-05-02 12:28:56 [scrapy.core.scraper] DEBUG: Scraped from <200 https://www.fearlessphotographers.com/find-wedding-photographers.cfm>
{'Available': '139',
 'City': 'Porto ',
 'Country': 'Portugal',
 'Date': 'October 19, 2019',
 'ID': '8469',
 'Name': 'Prateek',
 'RequestLink': 'https://www.fearlessphotographers.com/find-wedding-photographers.cfm?requestID=8469',
 'Type': 'Wedding'}
2019-05-02 12:28:56 [scrapy.core.scraper] DEBUG: Scraped from <200 https://www.fearlessphotographers.com/find-wedding-photographers.cfm>
{'Available': '97',
 'City': 'Oudtshoorn ',
 'Country': 'South Africa',
 'Date': 'August 24, 2019',
 'ID': '8465',
 'Name': 'Marijke',
 'RequestLink': 'https://www.fearlessphotographers.com/find-wedding-photographers.cfm?requestID=8465',
 'Type': 'Wedding'}
2019-05-02 12:28:56 [scrapy.core.scraper] DEBUG: Scraped from <200 https://www.fearlessphotographers.com/find-wedding-photographers.cfm>
{'Available': '96',
 'City': 'Ballston Spa, NY ',
 'Country': 'USA',
 'Date': 'September 14, 2019',
 'ID': '8464',
 'Name': 'Jessica',
 'RequestLink': 'https://www.fearlessphotographers.com/find-wedding-photographers.cfm?requestID=8464',
 'Type': 'Wedding'}
2019-05-02 12:28:56 [scrapy.core.scraper] DEBUG: Scraped from <200 https://www.fearlessphotographers.com/find-wedding-photographers.cfm>
{'Available': '70',
 'City': 'Gallatin Gateway, MT ',
 'Country': 'USA',
 'Date': 'June 29, 2019',
 'ID': '8462',
 'Name': 'Rebecca',
 'RequestLink': 'https://www.fearlessphotographers.com/find-wedding-photographers.cfm?requestID=8462',
 'Type': 'Wedding'}
2019-05-02 12:28:56 [scrapy.core.scraper] DEBUG: Scraped from <200 https://www.fearlessphotographers.com/find-wedding-photographers.cfm>
{'Available': '101',
 'City': 'Davie, FL ',
 'Country': 'USA',
 'Date': 'March 14, 2020',
 'ID': '8461',
 'Name': 'Krizia',
 'RequestLink': 'https://www.fearlessphotographers.com/find-wedding-photographers.cfm?requestID=8461',
 'Type': 'Wedding'}
2019-05-02 12:28:56 [scrapy.core.scraper] DEBUG: Scraped from <200 https://www.fearlessphotographers.com/find-wedding-photographers.cfm>
{'Available': '114',
 'City': 'Paso Robles, CA ',
 'Country': 'Paso Robles, CA',
 'Date': 'June 15, 2019',
 'ID': '8460',
 'Name': 'Ashley',
 'RequestLink': 'https://www.fearlessphotographers.com/find-wedding-photographers.cfm?requestID=8460',
 'Type': 'Wedding'}
2019-05-02 12:28:56 [scrapy.core.scraper] DEBUG: Scraped from <200 https://www.fearlessphotographers.com/find-wedding-photographers.cfm>
{'Available': '108',
 'City': 'Pittsburgh, PA ',
 'Country': 'USA',
 'Date': 'May 30, 2020',
 'ID': '8456',
 'Name': 'Katie',
 'RequestLink': 'https://www.fearlessphotographers.com/find-wedding-photographers.cfm?requestID=8456',
 'Type': 'Wedding'}
2019-05-02 12:28:56 [scrapy.core.scraper] DEBUG: Scraped from <200 https://www.fearlessphotographers.com/find-wedding-photographers.cfm>
{'Available': '142',
 'City': 'Santorini ',
 'Country': 'Greece',
 'Date': 'May 18, 2019',
 'ID': '8455',
 'Name': 'Jane',
 'RequestLink': 'https://www.fearlessphotographers.com/find-wedding-photographers.cfm?requestID=8455',
 'Type': 'Wedding'}
2019-05-02 12:28:56 [scrapy.core.scraper] DEBUG: Scraped from <200 https://www.fearlessphotographers.com/find-wedding-photographers.cfm>
{'Available': '69',
 'City': 'Lajitas, TX ',
 'Country': 'USA',
 'Date': 'October 5, 2019',
 'ID': '8454',
 'Name': 'Tahlia',
 'RequestLink': 'https://www.fearlessphotographers.com/find-wedding-photographers.cfm?requestID=8454',
 'Type': 'Wedding'}
2019-05-02 12:28:56 [scrapy.core.scraper] DEBUG: Scraped from <200 https://www.fearlessphotographers.com/find-wedding-photographers.cfm>
{'Available': '78',
 'City': 'Lebanon',
 'Country': 'Lebanon',
 'Date': 'September 15, 2019',
 'ID': '8453',
 'Name': 'Myriam',
 'RequestLink': 'https://www.fearlessphotographers.com/find-wedding-photographers.cfm?requestID=8453',
 'Type': 'Wedding'}
2019-05-02 12:28:56 [scrapy.core.scraper] DEBUG: Scraped from <200 https://www.fearlessphotographers.com/find-wedding-photographers.cfm>
{'Available': '58',
 'City': 'Defiance, MO ',
 'Country': 'USA',
 'Date': 'May 4, 2019',
 'ID': '8452',
 'Name': 'Sherry',
 'RequestLink': 'https://www.fearlessphotographers.com/find-wedding-photographers.cfm?requestID=8452',
 'Type': 'Wedding'}
2019-05-02 12:28:56 [scrapy.core.scraper] DEBUG: Scraped from <200 https://www.fearlessphotographers.com/find-wedding-photographers.cfm>
{'Available': '74',
 'City': 'Babylon, NY ',
 'Country': 'USA',
 'Date': 'June 14, 2019',
 'ID': '8451',
 'Name': 'Gina',
 'RequestLink': 'https://www.fearlessphotographers.com/find-wedding-photographers.cfm?requestID=8451',
 'Type': 'Wedding'}
2019-05-02 12:28:56 [scrapy.core.scraper] DEBUG: Scraped from <200 https://www.fearlessphotographers.com/find-wedding-photographers.cfm>
{'Available': '81',
 'City': 'Washington, DC ',
 'Country': 'USA',
 'Date': 'May 25, 2019',
 'ID': '8450',
 'Name': 'Anna',
 'RequestLink': 'https://www.fearlessphotographers.com/find-wedding-photographers.cfm?requestID=8450',
 'Type': 'Wedding'}
2019-05-02 12:28:56 [scrapy.core.scraper] DEBUG: Scraped from <200 https://www.fearlessphotographers.com/find-wedding-photographers.cfm>
{'Available': '140',
 'City': 'Berlin ',
 'Country': 'Germany',
 'Date': 'September 7, 2019',
 'ID': '8449',
 'Name': 'Aleta',
 'RequestLink': 'https://www.fearlessphotographers.com/find-wedding-photographers.cfm?requestID=8449',
 'Type': 'Wedding'}
2019-05-02 12:28:56 [scrapy.core.scraper] DEBUG: Scraped from <200 https://www.fearlessphotographers.com/find-wedding-photographers.cfm>
{'Available': '182',
 'City': 'North Yorkshire ',
 'Country': 'UK',
 'Date': 'December 23, 2020',
 'ID': '8448',
 'Name': 'Lauren',
 'RequestLink': 'https://www.fearlessphotographers.com/find-wedding-photographers.cfm?requestID=8448',
 'Type': 'Wedding'}
2019-05-02 12:28:56 [scrapy.core.scraper] DEBUG: Scraped from <200 https://www.fearlessphotographers.com/find-wedding-photographers.cfm>
{'Available': '123',
 'City': 'Loutraki ',
 'Country': 'Greece',
 'Date': 'September 21, 2019',
 'ID': '8447',
 'Name': 'Jacek',
 'RequestLink': 'https://www.fearlessphotographers.com/find-wedding-photographers.cfm?requestID=8447',
 'Type': 'Wedding'}
2019-05-02 12:28:56 [scrapy.core.scraper] DEBUG: Scraped from <200 https://www.fearlessphotographers.com/find-wedding-photographers.cfm>
{'Available': '188',
 'City': 'Burgundy ',
 'Country': 'France',
 'Date': 'July 25, 2020',
 'ID': '8446',
 'Name': 'Nastasia',
 'RequestLink': 'https://www.fearlessphotographers.com/find-wedding-photographers.cfm?requestID=8446',
 'Type': 'Wedding'}
2019-05-02 12:28:56 [scrapy.core.engine] INFO: Closing spider (finished)
2019-05-02 12:28:56 [scrapy.core.engine] ERROR: Scraper close failure
Traceback (most recent call last):
  File "/Users/ketan/.pyenv/versions/3.6.5/lib/python3.6/site-packages/twisted/internet/defer.py", line 654, in _runCallbacks
    current.result = callback(current.result, *args, **kw)
TypeError: close_spider() takes 1 positional argument but 2 were given
2019-05-02 12:28:56 [scrapy.statscollectors] INFO: Dumping Scrapy stats:
{'downloader/request_bytes': 496,
 'downloader/request_count': 2,
 'downloader/request_method_count/GET': 2,
 'downloader/response_bytes': 83369,
 'downloader/response_count': 2,
 'downloader/response_status_count/200': 2,
 'finish_reason': 'finished',
 'finish_time': datetime.datetime(2019, 5, 2, 16, 28, 56, 749454),
 'item_dropped_count': 5,
 'item_dropped_reasons_count/DropItem': 5,
 'item_scraped_count': 95,
 'log_count/DEBUG': 97,
 'log_count/ERROR': 1,
 'log_count/INFO': 9,
 'log_count/WARNING': 5,
 'memusage/max': 57487360,
 'memusage/startup': 57487360,
 'response_received_count': 2,
 'robotstxt/request_count': 1,
 'robotstxt/response_count': 1,
 'robotstxt/response_status_count/200': 1,
 'scheduler/dequeued': 1,
 'scheduler/dequeued/memory': 1,
 'scheduler/enqueued': 1,
 'scheduler/enqueued/memory': 1,
 'start_time': datetime.datetime(2019, 5, 2, 16, 28, 51, 724645)}
2019-05-02 12:28:56 [scrapy.core.engine] INFO: Spider closed (finished)
